<?xml version="1.0" encoding="UTF-8"?>
<!-- Generated by org.testng.reporters.JUnitReportReporter -->
<testsuite skipped="0" hostname="Tios-MacBook-Air.local" name="com.test.bukalapak.sampleTestRegister" tests="1" failures="0" timestamp="2021-07-14T07:21:55 WIB" time="67.674" errors="0">
  <testcase name="Register" time="67.674" classname="com.test.bukalapak.sampleTestRegister"/>
  <system-out/>
</testsuite> <!-- com.test.bukalapak.sampleTestRegister -->
